<?xml version="1.0" encoding="UTF-8"?>
<robot generator="Robot 4.1.2 (Python 3.9.0 on win32)" generated="20211213 23:39:05.173" rpa="false" schemaversion="2">
<suite id="s1" name="Test 1" source="C:\Users\Maxson Chan\Desktop\STSWENG-Exercise-Selenium-RobotFramework\test_1.robot">
<test id="s1-t1" name="User can open home page">
<kw name="Open Browser" library="Selenium2Library">
<arg>${DEMO_URL}</arg>
<arg>${BROWSER}</arg>
<doc>Opens a new browser instance to the optional ``url``.</doc>
<msg timestamp="20211213 23:39:05.430" level="INFO">Opening browser 'gc' to base url 'https://www.saucedemo.com/'.</msg>
<status status="PASS" starttime="20211213 23:39:05.430" endtime="20211213 23:39:07.192"/>
</kw>
<kw name="Set Window Size" library="Selenium2Library">
<arg>1552x840</arg>
<doc>Sets current windows size to given ``width`` and ``height``.</doc>
<msg timestamp="20211213 23:39:07.193" level="FAIL">Keyword 'Selenium2Library.Set Window Size' expected 2 to 3 arguments, got 1.</msg>
<status status="FAIL" starttime="20211213 23:39:07.193" endtime="20211213 23:39:07.193"/>
</kw>
<kw name="click">
<arg>css=*[data-test="username"]</arg>
<status status="NOT RUN" starttime="20211213 23:39:07.197" endtime="20211213 23:39:07.197"/>
</kw>
<kw name="type">
<arg>css=*[data-test="username"]</arg>
<arg>problem_user</arg>
<status status="NOT RUN" starttime="20211213 23:39:07.200" endtime="20211213 23:39:07.200"/>
</kw>
<kw name="type">
<arg>css=*[data-test="password"]</arg>
<arg>secret_sauce</arg>
<status status="NOT RUN" starttime="20211213 23:39:07.204" endtime="20211213 23:39:07.204"/>
</kw>
<kw name="click">
<arg>css=*[data-test="login-button"]</arg>
<status status="NOT RUN" starttime="20211213 23:39:07.208" endtime="20211213 23:39:07.209"/>
</kw>
<kw name="Page Should Contain Element" library="Selenium2Library">
<arg>css:img.inventory_item_img[src="/static/media/sauce-backpack-1200x1500.34e7aa42.jpg"]</arg>
<doc>Verifies that element ``locator`` is found on the current page.</doc>
<status status="NOT RUN" starttime="20211213 23:39:07.209" endtime="20211213 23:39:07.209"/>
</kw>
<doc>As a user I can open the home page and log in</doc>
<status status="FAIL" starttime="20211213 23:39:05.429" endtime="20211213 23:39:07.210">Keyword 'Selenium2Library.Set Window Size' expected 2 to 3 arguments, got 1.</status>
</test>
<doc>Successful user log in</doc>
<status status="FAIL" starttime="20211213 23:39:05.175" endtime="20211213 23:39:07.211"/>
</suite>
<statistics>
<total>
<stat pass="0" fail="1" skip="0">All Tests</stat>
</total>
<tag>
</tag>
<suite>
<stat pass="0" fail="1" skip="0" id="s1" name="Test 1">Test 1</stat>
</suite>
</statistics>
<errors>
</errors>
</robot>
